mode: set
github.com/badlogic/pi-mono/pkg/ai/scripts/generate_models.go:49.13,54.16 3 0
github.com/badlogic/pi-mono/pkg/ai/scripts/generate_models.go:54.16,56.3 1 0
github.com/badlogic/pi-mono/pkg/ai/scripts/generate_models.go:59.2,60.16 2 0
github.com/badlogic/pi-mono/pkg/ai/scripts/generate_models.go:60.16,62.3 1 0
github.com/badlogic/pi-mono/pkg/ai/scripts/generate_models.go:65.2,66.16 2 0
github.com/badlogic/pi-mono/pkg/ai/scripts/generate_models.go:66.16,68.3 1 0
github.com/badlogic/pi-mono/pkg/ai/scripts/generate_models.go:71.2,71.54 1 0
github.com/badlogic/pi-mono/pkg/ai/scripts/generate_models.go:74.29,80.2 2 0
github.com/badlogic/pi-mono/pkg/ai/scripts/generate_models.go:82.30,87.2 2 0
github.com/badlogic/pi-mono/pkg/ai/scripts/generate_models.go:89.33,94.2 2 0
github.com/badlogic/pi-mono/pkg/ai/anthropic.go:62.116,65.12 2 0
github.com/badlogic/pi-mono/pkg/ai/anthropic.go:65.12,71.51 4 0
github.com/badlogic/pi-mono/pkg/ai/anthropic.go:71.51,72.11 1 0
github.com/badlogic/pi-mono/pkg/ai/anthropic.go:73.25,74.17 1 0
github.com/badlogic/pi-mono/pkg/ai/anthropic.go:75.21,76.16 1 0
github.com/badlogic/pi-mono/pkg/ai/anthropic.go:80.3,81.19 2 0
github.com/badlogic/pi-mono/pkg/ai/anthropic.go:81.19,84.125 3 0
github.com/badlogic/pi-mono/pkg/ai/anthropic.go:84.125,86.5 1 0
github.com/badlogic/pi-mono/pkg/ai/anthropic.go:87.4,87.10 1 0
github.com/badlogic/pi-mono/pkg/ai/anthropic.go:90.3,92.32 3 0
github.com/badlogic/pi-mono/pkg/ai/anthropic.go:92.32,94.4 1 0
github.com/badlogic/pi-mono/pkg/ai/anthropic.go:96.3,96.45 1 0
github.com/badlogic/pi-mono/pkg/ai/anthropic.go:96.45,99.36 2 0
github.com/badlogic/pi-mono/pkg/ai/anthropic.go:100.21,101.36 1 0
github.com/badlogic/pi-mono/pkg/ai/anthropic.go:101.36,102.41 1 0
github.com/badlogic/pi-mono/pkg/ai/anthropic.go:102.41,104.7 1 0
github.com/badlogic/pi-mono/pkg/ai/anthropic.go:106.5,106.87 1 0
github.com/badlogic/pi-mono/pkg/ai/anthropic.go:108.26,109.36 1 0
github.com/badlogic/pi-mono/pkg/ai/anthropic.go:109.36,110.41 1 0
github.com/badlogic/pi-mono/pkg/ai/anthropic.go:110.41,112.7 1 0
github.com/badlogic/pi-mono/pkg/ai/anthropic.go:112.12,112.44 1 0
github.com/badlogic/pi-mono/pkg/ai/anthropic.go:112.44,119.7 1 0
github.com/badlogic/pi-mono/pkg/ai/anthropic.go:121.5,121.92 1 0
github.com/badlogic/pi-mono/pkg/ai/anthropic.go:123.27,125.36 2 0
github.com/badlogic/pi-mono/pkg/ai/anthropic.go:125.36,126.41 1 0
github.com/badlogic/pi-mono/pkg/ai/anthropic.go:126.41,128.7 1 0
github.com/badlogic/pi-mono/pkg/ai/anthropic.go:130.5,135.87 2 0
github.com/badlogic/pi-mono/pkg/ai/anthropic.go:139.3,140.33 2 0
github.com/badlogic/pi-mono/pkg/ai/anthropic.go:140.33,146.4 1 0
github.com/badlogic/pi-mono/pkg/ai/anthropic.go:148.3,158.17 3 0
github.com/badlogic/pi-mono/pkg/ai/anthropic.go:158.17,161.125 3 0
github.com/badlogic/pi-mono/pkg/ai/anthropic.go:161.125,163.5 1 0
github.com/badlogic/pi-mono/pkg/ai/anthropic.go:164.4,164.10 1 0
github.com/badlogic/pi-mono/pkg/ai/anthropic.go:167.3,168.43 2 0
github.com/badlogic/pi-mono/pkg/ai/anthropic.go:168.43,170.4 1 0
github.com/badlogic/pi-mono/pkg/ai/anthropic.go:171.3,171.29 1 0
github.com/badlogic/pi-mono/pkg/ai/anthropic.go:171.29,172.14 1 0
github.com/badlogic/pi-mono/pkg/ai/anthropic.go:172.14,173.12 1 0
github.com/badlogic/pi-mono/pkg/ai/anthropic.go:174.28,175.14 1 0
github.com/badlogic/pi-mono/pkg/ai/anthropic.go:176.26,176.26 0 0
github.com/badlogic/pi-mono/pkg/ai/anthropic.go:181.3,182.17 2 0
github.com/badlogic/pi-mono/pkg/ai/anthropic.go:182.17,185.125 3 0
github.com/badlogic/pi-mono/pkg/ai/anthropic.go:185.125,187.5 1 0
github.com/badlogic/pi-mono/pkg/ai/anthropic.go:188.4,188.10 1 0
github.com/badlogic/pi-mono/pkg/ai/anthropic.go:190.3,196.17 6 0
github.com/badlogic/pi-mono/pkg/ai/anthropic.go:196.17,197.40 1 0
github.com/badlogic/pi-mono/pkg/ai/anthropic.go:197.40,199.76 2 0
github.com/badlogic/pi-mono/pkg/ai/anthropic.go:199.76,201.6 1 0
github.com/badlogic/pi-mono/pkg/ai/anthropic.go:202.5,202.11 1 0
github.com/badlogic/pi-mono/pkg/ai/anthropic.go:204.4,206.125 3 0
github.com/badlogic/pi-mono/pkg/ai/anthropic.go:206.125,208.5 1 0
github.com/badlogic/pi-mono/pkg/ai/anthropic.go:209.4,209.10 1 0
github.com/badlogic/pi-mono/pkg/ai/anthropic.go:211.3,215.29 2 0
github.com/badlogic/pi-mono/pkg/ai/anthropic.go:215.29,218.125 3 0
github.com/badlogic/pi-mono/pkg/ai/anthropic.go:218.125,220.5 1 0
github.com/badlogic/pi-mono/pkg/ai/anthropic.go:221.4,221.10 1 0
github.com/badlogic/pi-mono/pkg/ai/anthropic.go:224.3,225.7 2 0
github.com/badlogic/pi-mono/pkg/ai/anthropic.go:225.7,227.18 2 0
github.com/badlogic/pi-mono/pkg/ai/anthropic.go:227.18,228.10 1 0
github.com/badlogic/pi-mono/pkg/ai/anthropic.go:230.4,231.42 2 0
github.com/badlogic/pi-mono/pkg/ai/anthropic.go:231.42,232.13 1 0
github.com/badlogic/pi-mono/pkg/ai/anthropic.go:234.4,237.63 3 0
github.com/badlogic/pi-mono/pkg/ai/anthropic.go:237.63,238.44 1 0
github.com/badlogic/pi-mono/pkg/ai/anthropic.go:238.44,239.32 1 0
github.com/badlogic/pi-mono/pkg/ai/anthropic.go:239.32,243.10 1 0
github.com/badlogic/pi-mono/pkg/ai/anthropic.go:243.10,245.8 1 0
github.com/badlogic/pi-mono/pkg/ai/anthropic.go:247.11,247.121 1 0
github.com/badlogic/pi-mono/pkg/ai/anthropic.go:247.121,256.9 3 0
github.com/badlogic/pi-mono/pkg/ai/anthropic.go:256.9,258.7 1 0
github.com/badlogic/pi-mono/pkg/ai/anthropic.go:259.11,259.93 1 0
github.com/badlogic/pi-mono/pkg/ai/anthropic.go:259.93,260.39 1 0
github.com/badlogic/pi-mono/pkg/ai/anthropic.go:260.39,264.10 1 0
github.com/badlogic/pi-mono/pkg/ai/anthropic.go:264.10,266.8 1 0
github.com/badlogic/pi-mono/pkg/ai/anthropic.go:268.11,268.50 1 0
github.com/badlogic/pi-mono/pkg/ai/anthropic.go:268.50,269.67 1 0
github.com/badlogic/pi-mono/pkg/ai/anthropic.go:269.67,271.7 1 0
github.com/badlogic/pi-mono/pkg/ai/anthropic.go:272.11,272.77 1 0
github.com/badlogic/pi-mono/pkg/ai/anthropic.go:272.77,274.46 2 0
github.com/badlogic/pi-mono/pkg/ai/anthropic.go:274.46,276.7 1 0
github.com/badlogic/pi-mono/pkg/ai/anthropic.go:276.12,276.55 1 0
github.com/badlogic/pi-mono/pkg/ai/anthropic.go:276.55,278.7 1 0
github.com/badlogic/pi-mono/pkg/ai/anthropic.go:279.6,279.77 1 0
github.com/badlogic/pi-mono/pkg/ai/anthropic.go:279.77,281.7 1 0
github.com/badlogic/pi-mono/pkg/ai/anthropic.go:282.6,282.12 1 0
github.com/badlogic/pi-mono/pkg/ai/anthropic.go:283.11,283.44 1 0
github.com/badlogic/pi-mono/pkg/ai/anthropic.go:283.44,285.77 2 0
github.com/badlogic/pi-mono/pkg/ai/anthropic.go:285.77,287.7 1 0
github.com/badlogic/pi-mono/pkg/ai/anthropic.go:288.6,288.12 1 0
github.com/badlogic/pi-mono/pkg/ai/anthropic.go:293.3,294.74 2 0
github.com/badlogic/pi-mono/pkg/ai/anthropic.go:294.74,296.4 1 0
github.com/badlogic/pi-mono/pkg/ai/anthropic.go:299.2,299.15 1 0
github.com/badlogic/pi-mono/pkg/ai/clean_room_custom.go:13.63,15.12 2 0
github.com/badlogic/pi-mono/pkg/ai/clean_room_custom.go:15.12,16.49 1 0
github.com/badlogic/pi-mono/pkg/ai/clean_room_custom.go:16.49,18.10 1 0
github.com/badlogic/pi-mono/pkg/ai/clean_room_custom.go:18.15,20.10 1 0
github.com/badlogic/pi-mono/pkg/ai/clean_room_custom.go:23.5,24.46 2 0
github.com/badlogic/pi-mono/pkg/ai/clean_room_custom.go:24.46,26.6 1 0
github.com/badlogic/pi-mono/pkg/ai/clean_room_custom.go:26.11,26.50 1 0
github.com/badlogic/pi-mono/pkg/ai/clean_room_custom.go:26.50,28.6 1 0
github.com/badlogic/pi-mono/pkg/ai/clean_room_custom.go:29.5,29.45 1 0
github.com/badlogic/pi-mono/pkg/ai/clean_room_custom.go:29.45,31.6 1 0
github.com/badlogic/pi-mono/pkg/ai/clean_room_custom.go:31.11,31.49 1 0
github.com/badlogic/pi-mono/pkg/ai/clean_room_custom.go:31.49,33.6 1 0
github.com/badlogic/pi-mono/pkg/ai/clean_room_custom.go:35.5,41.19 3 0
github.com/badlogic/pi-mono/pkg/ai/clean_room_custom.go:41.19,43.6 1 0
github.com/badlogic/pi-mono/pkg/ai/clean_room_custom.go:44.5,44.15 1 0
github.com/badlogic/pi-mono/pkg/ai/clean_room_custom.go:48.63,50.12 2 0
github.com/badlogic/pi-mono/pkg/ai/clean_room_custom.go:50.12,51.48 1 0
github.com/badlogic/pi-mono/pkg/ai/clean_room_custom.go:51.48,53.10 1 0
github.com/badlogic/pi-mono/pkg/ai/clean_room_custom.go:53.15,55.10 1 0
github.com/badlogic/pi-mono/pkg/ai/clean_room_custom.go:57.5,59.19 3 0
github.com/badlogic/pi-mono/pkg/ai/clean_room_custom.go:59.19,61.6 1 0
github.com/badlogic/pi-mono/pkg/ai/clean_room_custom.go:62.5,62.15 1 0
github.com/badlogic/pi-mono/pkg/ai/clean_room_custom.go:66.68,68.12 2 0
github.com/badlogic/pi-mono/pkg/ai/clean_room_custom.go:68.12,69.49 1 0
github.com/badlogic/pi-mono/pkg/ai/clean_room_custom.go:69.49,71.10 1 0
github.com/badlogic/pi-mono/pkg/ai/clean_room_custom.go:71.15,73.10 1 0
github.com/badlogic/pi-mono/pkg/ai/clean_room_custom.go:75.5,76.12 2 0
github.com/badlogic/pi-mono/pkg/ai/clean_room_custom.go:76.12,78.6 1 0
github.com/badlogic/pi-mono/pkg/ai/clean_room_custom.go:79.5,80.19 2 0
github.com/badlogic/pi-mono/pkg/ai/clean_room_custom.go:80.19,82.6 1 0
github.com/badlogic/pi-mono/pkg/ai/clean_room_custom.go:83.5,83.15 1 0
github.com/badlogic/pi-mono/pkg/ai/clean_room_custom.go:87.63,89.12 2 0
github.com/badlogic/pi-mono/pkg/ai/clean_room_custom.go:89.12,90.49 1 0
github.com/badlogic/pi-mono/pkg/ai/clean_room_custom.go:90.49,92.10 1 0
github.com/badlogic/pi-mono/pkg/ai/clean_room_custom.go:92.15,94.10 1 0
github.com/badlogic/pi-mono/pkg/ai/clean_room_custom.go:96.5,98.21 3 0
github.com/badlogic/pi-mono/pkg/ai/clean_room_custom.go:98.21,100.6 1 0
github.com/badlogic/pi-mono/pkg/ai/clean_room_custom.go:101.5,102.19 2 0
github.com/badlogic/pi-mono/pkg/ai/clean_room_custom.go:102.19,104.6 1 0
github.com/badlogic/pi-mono/pkg/ai/clean_room_custom.go:105.5,105.48 1 0
github.com/badlogic/pi-mono/pkg/ai/clean_room_custom.go:105.48,107.6 1 0
github.com/badlogic/pi-mono/pkg/ai/clean_room_custom.go:108.5,109.77 2 0
github.com/badlogic/pi-mono/pkg/ai/clean_room_custom.go:109.77,111.6 1 0
github.com/badlogic/pi-mono/pkg/ai/clean_room_custom.go:112.5,112.39 1 0
github.com/badlogic/pi-mono/pkg/ai/clean_room_custom.go:116.68,118.54 2 0
github.com/badlogic/pi-mono/pkg/ai/clean_room_custom.go:118.54,120.6 1 0
github.com/badlogic/pi-mono/pkg/ai/clean_room_custom.go:121.5,122.19 2 0
github.com/badlogic/pi-mono/pkg/ai/clean_room_custom.go:122.19,124.6 1 0
github.com/badlogic/pi-mono/pkg/ai/clean_room_custom.go:125.5,126.31 2 0
github.com/badlogic/pi-mono/pkg/ai/clean_room_custom.go:126.31,128.22 2 0
github.com/badlogic/pi-mono/pkg/ai/clean_room_custom.go:128.22,130.10 1 0
github.com/badlogic/pi-mono/pkg/ai/clean_room_custom.go:131.9,131.36 1 0
github.com/badlogic/pi-mono/pkg/ai/clean_room_custom.go:133.5,133.37 1 0
github.com/badlogic/pi-mono/pkg/ai/clean_room_custom.go:136.13,148.2 9 1
github.com/badlogic/pi-mono/pkg/ai/clean_room_handlers.go:21.82,23.16 2 1
github.com/badlogic/pi-mono/pkg/ai/clean_room_handlers.go:23.16,25.3 1 0
github.com/badlogic/pi-mono/pkg/ai/clean_room_handlers.go:27.2,28.50 2 1
github.com/badlogic/pi-mono/pkg/ai/clean_room_handlers.go:28.50,30.3 1 0
github.com/badlogic/pi-mono/pkg/ai/clean_room_handlers.go:32.2,33.16 2 1
github.com/badlogic/pi-mono/pkg/ai/clean_room_handlers.go:33.16,35.3 1 1
github.com/badlogic/pi-mono/pkg/ai/clean_room_handlers.go:37.2,38.24 2 0
github.com/badlogic/pi-mono/pkg/ai/clean_room_handlers.go:41.77,44.53 3 1
github.com/badlogic/pi-mono/pkg/ai/clean_room_handlers.go:44.53,46.3 1 0
github.com/badlogic/pi-mono/pkg/ai/clean_room_handlers.go:48.2,49.16 2 1
github.com/badlogic/pi-mono/pkg/ai/clean_room_handlers.go:49.16,51.3 1 0
github.com/badlogic/pi-mono/pkg/ai/clean_room_handlers.go:53.2,54.24 2 1
github.com/badlogic/pi-mono/pkg/ai/clean_room_handlers.go:57.76,59.9 2 1
github.com/badlogic/pi-mono/pkg/ai/clean_room_handlers.go:59.9,61.3 1 1
github.com/badlogic/pi-mono/pkg/ai/clean_room_handlers.go:63.2,64.16 2 1
github.com/badlogic/pi-mono/pkg/ai/clean_room_handlers.go:64.16,66.3 1 1
github.com/badlogic/pi-mono/pkg/ai/clean_room_handlers.go:67.2,68.50 2 1
github.com/badlogic/pi-mono/pkg/ai/clean_room_handlers.go:68.50,70.3 1 1
github.com/badlogic/pi-mono/pkg/ai/clean_room_handlers.go:71.2,71.16 1 1
github.com/badlogic/pi-mono/pkg/ai/clean_room_handlers.go:71.16,73.3 1 0
github.com/badlogic/pi-mono/pkg/ai/clean_room_handlers.go:75.2,76.49 2 1
github.com/badlogic/pi-mono/pkg/ai/clean_room_handlers.go:76.49,78.3 1 1
github.com/badlogic/pi-mono/pkg/ai/clean_room_handlers.go:79.2,79.15 1 1
github.com/badlogic/pi-mono/pkg/ai/clean_room_handlers.go:79.15,81.3 1 0
github.com/badlogic/pi-mono/pkg/ai/clean_room_handlers.go:84.2,85.16 2 1
github.com/badlogic/pi-mono/pkg/ai/clean_room_handlers.go:85.16,87.3 1 1
github.com/badlogic/pi-mono/pkg/ai/clean_room_handlers.go:88.2,95.21 6 1
github.com/badlogic/pi-mono/pkg/ai/clean_room_handlers.go:95.21,97.23 1 1
github.com/badlogic/pi-mono/pkg/ai/clean_room_handlers.go:97.23,99.12 2 1
github.com/badlogic/pi-mono/pkg/ai/clean_room_handlers.go:103.3,108.38 4 1
github.com/badlogic/pi-mono/pkg/ai/clean_room_handlers.go:108.38,109.9 1 1
github.com/badlogic/pi-mono/pkg/ai/clean_room_handlers.go:113.2,113.38 1 1
github.com/badlogic/pi-mono/pkg/ai/clean_room_handlers.go:113.38,115.3 1 0
github.com/badlogic/pi-mono/pkg/ai/clean_room_handlers.go:117.2,117.22 1 1
github.com/badlogic/pi-mono/pkg/ai/clean_room_handlers.go:117.22,118.24 1 1
github.com/badlogic/pi-mono/pkg/ai/clean_room_handlers.go:118.24,120.4 1 1
github.com/badlogic/pi-mono/pkg/ai/clean_room_handlers.go:121.3,121.17 1 0
github.com/badlogic/pi-mono/pkg/ai/clean_room_handlers.go:124.2,124.40 1 1
github.com/badlogic/pi-mono/pkg/ai/clean_room_handlers.go:127.79,129.9 2 1
github.com/badlogic/pi-mono/pkg/ai/clean_room_handlers.go:129.9,131.3 1 0
github.com/badlogic/pi-mono/pkg/ai/clean_room_handlers.go:133.2,135.16 3 1
github.com/badlogic/pi-mono/pkg/ai/clean_room_handlers.go:135.16,137.3 1 0
github.com/badlogic/pi-mono/pkg/ai/clean_room_handlers.go:139.2,139.25 1 1
github.com/badlogic/pi-mono/pkg/ai/clean_room_handlers.go:142.75,144.9 2 1
github.com/badlogic/pi-mono/pkg/ai/clean_room_handlers.go:144.9,146.3 1 0
github.com/badlogic/pi-mono/pkg/ai/clean_room_handlers.go:148.2,148.16 1 1
github.com/badlogic/pi-mono/pkg/ai/clean_room_handlers.go:149.14,151.17 2 0
github.com/badlogic/pi-mono/pkg/ai/clean_room_handlers.go:151.17,153.4 1 0
github.com/badlogic/pi-mono/pkg/ai/clean_room_handlers.go:154.3,156.17 3 0
github.com/badlogic/pi-mono/pkg/ai/clean_room_handlers.go:156.17,158.4 1 0
github.com/badlogic/pi-mono/pkg/ai/clean_room_handlers.go:159.3,159.44 1 0
github.com/badlogic/pi-mono/pkg/ai/clean_room_handlers.go:161.13,163.16 2 0
github.com/badlogic/pi-mono/pkg/ai/clean_room_handlers.go:163.16,165.4 1 0
github.com/badlogic/pi-mono/pkg/ai/clean_room_handlers.go:166.3,168.17 3 0
github.com/badlogic/pi-mono/pkg/ai/clean_room_handlers.go:168.17,170.4 1 0
github.com/badlogic/pi-mono/pkg/ai/clean_room_handlers.go:171.3,171.44 1 0
github.com/badlogic/pi-mono/pkg/ai/clean_room_handlers.go:173.20,175.29 2 0
github.com/badlogic/pi-mono/pkg/ai/clean_room_handlers.go:175.29,177.4 1 0
github.com/badlogic/pi-mono/pkg/ai/clean_room_handlers.go:179.3,184.17 5 0
github.com/badlogic/pi-mono/pkg/ai/clean_room_handlers.go:184.17,186.4 1 0
github.com/badlogic/pi-mono/pkg/ai/clean_room_handlers.go:187.3,187.54 1 0
github.com/badlogic/pi-mono/pkg/ai/clean_room_handlers.go:189.20,192.17 3 0
github.com/badlogic/pi-mono/pkg/ai/clean_room_handlers.go:192.17,194.4 1 0
github.com/badlogic/pi-mono/pkg/ai/clean_room_handlers.go:195.3,195.31 1 0
github.com/badlogic/pi-mono/pkg/ai/clean_room_handlers.go:197.20,201.17 3 1
github.com/badlogic/pi-mono/pkg/ai/clean_room_handlers.go:201.17,203.4 1 1
github.com/badlogic/pi-mono/pkg/ai/clean_room_handlers.go:204.3,204.54 1 0
github.com/badlogic/pi-mono/pkg/ai/clean_room_handlers.go:206.10,207.62 1 0
github.com/badlogic/pi-mono/pkg/ai/clean_room_handlers.go:211.61,214.18 3 1
github.com/badlogic/pi-mono/pkg/ai/clean_room_handlers.go:214.18,216.3 1 0
github.com/badlogic/pi-mono/pkg/ai/clean_room_handlers.go:218.2,223.16 5 1
github.com/badlogic/pi-mono/pkg/ai/clean_room_handlers.go:223.16,225.3 1 0
github.com/badlogic/pi-mono/pkg/ai/clean_room_handlers.go:227.2,228.16 2 1
github.com/badlogic/pi-mono/pkg/ai/clean_room_handlers.go:228.16,230.3 1 0
github.com/badlogic/pi-mono/pkg/ai/clean_room_handlers.go:231.2,231.52 1 1
github.com/badlogic/pi-mono/pkg/ai/clean_room_handlers.go:234.70,236.22 2 1
github.com/badlogic/pi-mono/pkg/ai/clean_room_handlers.go:236.22,238.3 1 1
github.com/badlogic/pi-mono/pkg/ai/clean_room_handlers.go:240.2,242.16 3 1
github.com/badlogic/pi-mono/pkg/ai/clean_room_handlers.go:242.16,244.3 1 1
github.com/badlogic/pi-mono/pkg/ai/clean_room_handlers.go:246.2,246.20 1 1
github.com/badlogic/pi-mono/pkg/ai/clean_room_handlers.go:249.67,252.2 2 0
github.com/badlogic/pi-mono/pkg/ai/clean_room_handlers.go:254.66,258.2 3 0
github.com/badlogic/pi-mono/pkg/ai/clean_room_handlers.go:260.70,262.2 1 0
github.com/badlogic/pi-mono/pkg/ai/clean_room_handlers.go:264.62,267.2 2 0
github.com/badlogic/pi-mono/pkg/ai/clean_room_handlers.go:269.66,271.9 2 0
github.com/badlogic/pi-mono/pkg/ai/clean_room_handlers.go:271.9,273.3 1 0
github.com/badlogic/pi-mono/pkg/ai/clean_room_handlers.go:277.2,279.16 3 0
github.com/badlogic/pi-mono/pkg/ai/clean_room_handlers.go:279.16,282.17 3 0
github.com/badlogic/pi-mono/pkg/ai/clean_room_handlers.go:282.17,284.4 1 0
github.com/badlogic/pi-mono/pkg/ai/clean_room_handlers.go:287.2,287.20 1 0
github.com/badlogic/pi-mono/pkg/ai/clean_room_handlers.go:290.62,293.2 2 0
github.com/badlogic/pi-mono/pkg/ai/clean_room_handlers.go:295.67,298.2 2 0
github.com/badlogic/pi-mono/pkg/ai/clean_room_handlers.go:300.68,304.2 3 0
github.com/badlogic/pi-mono/pkg/ai/clean_room_handlers.go:306.58,308.2 1 0
github.com/badlogic/pi-mono/pkg/ai/clean_room_handlers.go:310.66,314.16 4 0
github.com/badlogic/pi-mono/pkg/ai/clean_room_handlers.go:314.16,316.3 1 0
github.com/badlogic/pi-mono/pkg/ai/clean_room_handlers.go:318.2,319.16 2 0
github.com/badlogic/pi-mono/pkg/ai/clean_room_handlers.go:319.16,321.3 1 0
github.com/badlogic/pi-mono/pkg/ai/clean_room_handlers.go:323.2,325.22 2 0
github.com/badlogic/pi-mono/pkg/ai/clean_room_handlers.go:325.22,331.17 3 0
github.com/badlogic/pi-mono/pkg/ai/clean_room_handlers.go:331.17,333.4 1 0
github.com/badlogic/pi-mono/pkg/ai/clean_room_handlers.go:334.3,334.24 1 0
github.com/badlogic/pi-mono/pkg/ai/clean_room_handlers.go:335.8,335.32 1 0
github.com/badlogic/pi-mono/pkg/ai/clean_room_handlers.go:335.32,341.17 3 0
github.com/badlogic/pi-mono/pkg/ai/clean_room_handlers.go:341.17,343.4 1 0
github.com/badlogic/pi-mono/pkg/ai/clean_room_handlers.go:344.3,344.24 1 0
github.com/badlogic/pi-mono/pkg/ai/clean_room_handlers.go:347.2,347.62 1 0
github.com/badlogic/pi-mono/pkg/ai/clean_room_handlers.go:350.68,354.43 4 0
github.com/badlogic/pi-mono/pkg/ai/clean_room_handlers.go:354.43,360.17 3 0
github.com/badlogic/pi-mono/pkg/ai/clean_room_handlers.go:360.17,362.4 1 0
github.com/badlogic/pi-mono/pkg/ai/clean_room_handlers.go:364.2,364.68 1 0
github.com/badlogic/pi-mono/pkg/ai/clean_room_handlers.go:367.64,369.9 2 1
github.com/badlogic/pi-mono/pkg/ai/clean_room_handlers.go:369.9,371.3 1 0
github.com/badlogic/pi-mono/pkg/ai/clean_room_handlers.go:373.2,374.78 2 1
github.com/badlogic/pi-mono/pkg/ai/clean_room_handlers.go:377.59,383.16 4 1
github.com/badlogic/pi-mono/pkg/ai/clean_room_handlers.go:384.13,386.17 2 1
github.com/badlogic/pi-mono/pkg/ai/clean_room_handlers.go:386.17,388.4 1 0
github.com/badlogic/pi-mono/pkg/ai/clean_room_handlers.go:389.3,390.66 2 1
github.com/badlogic/pi-mono/pkg/ai/clean_room_handlers.go:390.66,392.4 1 0
github.com/badlogic/pi-mono/pkg/ai/clean_room_handlers.go:393.3,393.39 1 1
github.com/badlogic/pi-mono/pkg/ai/clean_room_handlers.go:394.14,396.17 2 1
github.com/badlogic/pi-mono/pkg/ai/clean_room_handlers.go:396.17,397.26 1 0
github.com/badlogic/pi-mono/pkg/ai/clean_room_handlers.go:397.26,399.5 1 0
github.com/badlogic/pi-mono/pkg/ai/clean_room_handlers.go:400.4,400.52 1 0
github.com/badlogic/pi-mono/pkg/ai/clean_room_handlers.go:402.3,402.47 1 1
github.com/badlogic/pi-mono/pkg/ai/clean_room_handlers.go:403.15,404.68 1 1
github.com/badlogic/pi-mono/pkg/ai/clean_room_handlers.go:404.68,406.4 1 0
github.com/badlogic/pi-mono/pkg/ai/clean_room_handlers.go:407.3,407.30 1 1
github.com/badlogic/pi-mono/pkg/ai/clean_room_handlers.go:408.10,409.42 1 0
github.com/badlogic/pi-mono/pkg/ai/clean_room_handlers.go:449.64,453.16 4 0
github.com/badlogic/pi-mono/pkg/ai/clean_room_handlers.go:453.16,455.3 1 0
github.com/badlogic/pi-mono/pkg/ai/clean_room_handlers.go:456.2,456.12 1 0
github.com/badlogic/pi-mono/pkg/ai/clean_room_handlers.go:459.66,465.46 5 1
github.com/badlogic/pi-mono/pkg/ai/clean_room_handlers.go:465.46,467.3 1 0
github.com/badlogic/pi-mono/pkg/ai/clean_room_handlers.go:469.2,470.16 2 1
github.com/badlogic/pi-mono/pkg/ai/clean_room_handlers.go:470.16,472.3 1 0
github.com/badlogic/pi-mono/pkg/ai/clean_room_handlers.go:474.2,475.16 2 1
github.com/badlogic/pi-mono/pkg/ai/clean_room_handlers.go:475.16,477.3 1 0
github.com/badlogic/pi-mono/pkg/ai/clean_room_handlers.go:479.2,483.109 4 1
github.com/badlogic/pi-mono/pkg/ai/clean_room_handlers.go:483.109,485.3 1 0
github.com/badlogic/pi-mono/pkg/ai/clean_room_handlers.go:487.2,492.16 5 1
github.com/badlogic/pi-mono/pkg/ai/clean_room_handlers.go:492.16,494.3 1 0
github.com/badlogic/pi-mono/pkg/ai/clean_room_handlers.go:496.2,496.39 1 1
github.com/badlogic/pi-mono/pkg/ai/clean_room_handlers.go:499.68,503.16 4 0
github.com/badlogic/pi-mono/pkg/ai/clean_room_handlers.go:503.16,505.3 1 0
github.com/badlogic/pi-mono/pkg/ai/clean_room_handlers.go:506.2,506.12 1 0
github.com/badlogic/pi-mono/pkg/ai/clean_room_handlers.go:509.65,514.16 5 0
github.com/badlogic/pi-mono/pkg/ai/clean_room_handlers.go:514.16,516.3 1 0
github.com/badlogic/pi-mono/pkg/ai/clean_room_handlers.go:517.2,517.12 1 0
github.com/badlogic/pi-mono/pkg/ai/clean_room_handlers.go:520.73,522.9 2 0
github.com/badlogic/pi-mono/pkg/ai/clean_room_handlers.go:522.9,524.3 1 0
github.com/badlogic/pi-mono/pkg/ai/clean_room_handlers.go:525.2,528.16 3 0
github.com/badlogic/pi-mono/pkg/ai/clean_room_handlers.go:528.16,530.3 1 0
github.com/badlogic/pi-mono/pkg/ai/clean_room_handlers.go:532.2,533.16 2 0
github.com/badlogic/pi-mono/pkg/ai/clean_room_handlers.go:533.16,535.3 1 0
github.com/badlogic/pi-mono/pkg/ai/clean_room_handlers.go:536.2,536.41 1 0
github.com/badlogic/pi-mono/pkg/ai/clean_room_handlers.go:539.65,542.2 2 0
github.com/badlogic/pi-mono/pkg/ai/clean_room_handlers.go:544.77,548.16 3 0
github.com/badlogic/pi-mono/pkg/ai/clean_room_handlers.go:548.16,550.3 1 0
github.com/badlogic/pi-mono/pkg/ai/clean_room_handlers.go:552.2,558.16 4 0
github.com/badlogic/pi-mono/pkg/ai/clean_room_handlers.go:558.16,560.3 1 0
github.com/badlogic/pi-mono/pkg/ai/clean_room_handlers.go:561.2,561.23 1 0
github.com/badlogic/pi-mono/pkg/ai/clean_room_handlers.go:564.67,566.16 2 1
github.com/badlogic/pi-mono/pkg/ai/clean_room_handlers.go:567.16,569.73 2 1
github.com/badlogic/pi-mono/pkg/ai/clean_room_handlers.go:570.15,572.43 2 1
github.com/badlogic/pi-mono/pkg/ai/clean_room_handlers.go:573.14,575.31 2 1
github.com/badlogic/pi-mono/pkg/ai/clean_room_handlers.go:576.34,577.39 1 1
github.com/badlogic/pi-mono/pkg/ai/clean_room_handlers.go:578.15,579.27 1 1
github.com/badlogic/pi-mono/pkg/ai/clean_room_handlers.go:580.20,581.90 1 1
github.com/badlogic/pi-mono/pkg/ai/clean_room_handlers.go:583.2,583.34 1 1
github.com/badlogic/pi-mono/pkg/ai/clean_room_handlers.go:586.69,588.25 2 1
github.com/badlogic/pi-mono/pkg/ai/clean_room_handlers.go:588.25,590.3 1 0
github.com/badlogic/pi-mono/pkg/ai/clean_room_handlers.go:591.2,591.85 1 1
github.com/badlogic/pi-mono/pkg/ai/clean_room_handlers.go:594.67,597.16 3 0
github.com/badlogic/pi-mono/pkg/ai/clean_room_handlers.go:597.16,599.3 1 0
github.com/badlogic/pi-mono/pkg/ai/clean_room_handlers.go:600.2,602.30 3 0
github.com/badlogic/pi-mono/pkg/ai/clean_room_handlers.go:602.30,603.19 1 0
github.com/badlogic/pi-mono/pkg/ai/clean_room_handlers.go:603.19,605.4 1 0
github.com/badlogic/pi-mono/pkg/ai/clean_room_handlers.go:605.9,607.4 1 0
github.com/badlogic/pi-mono/pkg/ai/clean_room_handlers.go:609.2,609.34 1 0
github.com/badlogic/pi-mono/pkg/ai/clean_room_handlers.go:612.66,623.16 7 0
github.com/badlogic/pi-mono/pkg/ai/clean_room_handlers.go:623.16,625.3 1 0
github.com/badlogic/pi-mono/pkg/ai/clean_room_handlers.go:626.2,626.93 1 0
github.com/badlogic/pi-mono/pkg/ai/clean_room_handlers.go:629.64,631.19 2 1
github.com/badlogic/pi-mono/pkg/ai/clean_room_handlers.go:631.19,633.3 1 1
github.com/badlogic/pi-mono/pkg/ai/clean_room_handlers.go:635.2,636.16 2 1
github.com/badlogic/pi-mono/pkg/ai/clean_room_handlers.go:636.16,638.3 1 0
github.com/badlogic/pi-mono/pkg/ai/clean_room_handlers.go:640.2,642.29 3 1
github.com/badlogic/pi-mono/pkg/ai/clean_room_handlers.go:642.29,643.30 1 0
github.com/badlogic/pi-mono/pkg/ai/clean_room_handlers.go:643.30,645.4 1 0
github.com/badlogic/pi-mono/pkg/ai/clean_room_handlers.go:648.2,652.16 2 1
github.com/badlogic/pi-mono/pkg/ai/clean_room_handlers.go:652.16,654.3 1 0
github.com/badlogic/pi-mono/pkg/ai/clean_room_handlers.go:655.2,655.16 1 1
github.com/badlogic/pi-mono/pkg/ai/clean_room_handlers.go:658.66,663.16 4 1
github.com/badlogic/pi-mono/pkg/ai/clean_room_handlers.go:663.16,665.3 1 0
github.com/badlogic/pi-mono/pkg/ai/clean_room_handlers.go:667.2,671.16 4 1
github.com/badlogic/pi-mono/pkg/ai/clean_room_handlers.go:672.26,673.41 1 1
github.com/badlogic/pi-mono/pkg/ai/clean_room_handlers.go:673.41,675.4 1 1
github.com/badlogic/pi-mono/pkg/ai/clean_room_handlers.go:676.3,677.17 2 1
github.com/badlogic/pi-mono/pkg/ai/clean_room_handlers.go:677.17,679.4 1 0
github.com/badlogic/pi-mono/pkg/ai/clean_room_handlers.go:680.3,680.62 1 1
github.com/badlogic/pi-mono/pkg/ai/clean_room_handlers.go:681.16,683.17 2 0
github.com/badlogic/pi-mono/pkg/ai/clean_room_handlers.go:683.17,685.4 1 0
github.com/badlogic/pi-mono/pkg/ai/clean_room_handlers.go:686.3,686.54 1 0
github.com/badlogic/pi-mono/pkg/ai/clean_room_handlers.go:687.10,688.43 1 0
github.com/badlogic/pi-mono/pkg/ai/clean_room_handlers.go:692.96,694.55 2 1
github.com/badlogic/pi-mono/pkg/ai/clean_room_handlers.go:694.55,696.3 1 0
github.com/badlogic/pi-mono/pkg/ai/clean_room_handlers.go:698.2,699.25 2 1
github.com/badlogic/pi-mono/pkg/ai/clean_room_handlers.go:699.25,701.3 1 1
github.com/badlogic/pi-mono/pkg/ai/clean_room_handlers.go:703.2,703.48 1 1
github.com/badlogic/pi-mono/pkg/ai/clean_room_handlers.go:703.48,705.3 1 1
github.com/badlogic/pi-mono/pkg/ai/clean_room_handlers.go:707.2,707.21 1 1
github.com/badlogic/pi-mono/pkg/ai/clean_room_handlers.go:710.70,712.2 1 0
github.com/badlogic/pi-mono/pkg/ai/clean_room_handlers.go:714.62,716.2 1 0
github.com/badlogic/pi-mono/pkg/ai/clean_room_handlers.go:718.56,721.2 2 1
github.com/badlogic/pi-mono/pkg/ai/clean_room_handlers.go:723.58,726.2 2 1
github.com/badlogic/pi-mono/pkg/ai/clean_room_handlers.go:728.62,731.25 3 1
github.com/badlogic/pi-mono/pkg/ai/clean_room_handlers.go:731.25,733.3 1 0
github.com/badlogic/pi-mono/pkg/ai/clean_room_handlers.go:734.2,734.97 1 1
github.com/badlogic/pi-mono/pkg/ai/clean_room_handlers.go:737.71,739.28 2 1
github.com/badlogic/pi-mono/pkg/ai/clean_room_handlers.go:739.28,741.3 1 0
github.com/badlogic/pi-mono/pkg/ai/clean_room_handlers.go:742.2,742.126 1 1
github.com/badlogic/pi-mono/pkg/ai/clean_room_tools.go:207.90,209.55 2 1
github.com/badlogic/pi-mono/pkg/ai/clean_room_tools.go:209.55,211.3 1 0
github.com/badlogic/pi-mono/pkg/ai/clean_room_tools.go:213.2,216.25 2 1
github.com/badlogic/pi-mono/pkg/ai/clean_room_tools.go:216.25,218.3 1 1
github.com/badlogic/pi-mono/pkg/ai/clean_room_tools.go:221.2,221.48 1 1
github.com/badlogic/pi-mono/pkg/ai/clean_room_tools.go:221.48,223.3 1 0
github.com/badlogic/pi-mono/pkg/ai/clean_room_tools.go:223.8,223.48 1 1
github.com/badlogic/pi-mono/pkg/ai/clean_room_tools.go:223.48,225.3 1 1
github.com/badlogic/pi-mono/pkg/ai/clean_room_tools.go:225.8,225.58 1 1
github.com/badlogic/pi-mono/pkg/ai/clean_room_tools.go:225.58,227.3 1 0
github.com/badlogic/pi-mono/pkg/ai/clean_room_tools.go:230.2,230.41 1 1
github.com/badlogic/pi-mono/pkg/ai/clean_room_tools.go:230.41,232.3 1 0
github.com/badlogic/pi-mono/pkg/ai/clean_room_tools.go:232.8,232.54 1 1
github.com/badlogic/pi-mono/pkg/ai/clean_room_tools.go:232.54,234.3 1 1
github.com/badlogic/pi-mono/pkg/ai/clean_room_tools.go:237.2,237.54 1 1
github.com/badlogic/pi-mono/pkg/ai/clean_room_tools.go:237.54,239.3 1 0
github.com/badlogic/pi-mono/pkg/ai/clean_room_tools.go:240.2,240.54 1 1
github.com/badlogic/pi-mono/pkg/ai/clean_room_tools.go:240.54,242.3 1 0
github.com/badlogic/pi-mono/pkg/ai/clean_room_tools.go:245.2,245.49 1 1
github.com/badlogic/pi-mono/pkg/ai/clean_room_tools.go:245.49,247.3 1 0
github.com/badlogic/pi-mono/pkg/ai/clean_room_tools.go:249.2,249.21 1 1
github.com/badlogic/pi-mono/pkg/ai/env.go:15.37,16.26 1 0
github.com/badlogic/pi-mono/pkg/ai/env.go:16.26,20.20 3 0
github.com/badlogic/pi-mono/pkg/ai/env.go:20.20,21.46 1 0
github.com/badlogic/pi-mono/pkg/ai/env.go:21.46,23.5 1 0
github.com/badlogic/pi-mono/pkg/ai/env.go:24.9,27.18 2 0
github.com/badlogic/pi-mono/pkg/ai/env.go:27.18,29.47 2 0
github.com/badlogic/pi-mono/pkg/ai/env.go:29.47,31.6 1 0
github.com/badlogic/pi-mono/pkg/ai/env.go:34.3,34.44 1 0
github.com/badlogic/pi-mono/pkg/ai/env.go:36.2,36.41 1 0
github.com/badlogic/pi-mono/pkg/ai/env.go:42.45,43.18 1 1
github.com/badlogic/pi-mono/pkg/ai/env.go:44.29,45.62 1 0
github.com/badlogic/pi-mono/pkg/ai/env.go:45.62,47.4 1 0
github.com/badlogic/pi-mono/pkg/ai/env.go:48.3,48.50 1 0
github.com/badlogic/pi-mono/pkg/ai/env.go:48.50,50.4 1 0
github.com/badlogic/pi-mono/pkg/ai/env.go:51.3,51.54 1 0
github.com/badlogic/pi-mono/pkg/ai/env.go:51.54,53.4 1 0
github.com/badlogic/pi-mono/pkg/ai/env.go:54.3,54.12 1 0
github.com/badlogic/pi-mono/pkg/ai/env.go:56.25,58.63 1 0
github.com/badlogic/pi-mono/pkg/ai/env.go:58.63,60.4 1 0
github.com/badlogic/pi-mono/pkg/ai/env.go:61.3,61.55 1 0
github.com/badlogic/pi-mono/pkg/ai/env.go:61.55,63.4 1 0
github.com/badlogic/pi-mono/pkg/ai/env.go:64.3,64.12 1 0
github.com/badlogic/pi-mono/pkg/ai/env.go:66.22,67.58 1 0
github.com/badlogic/pi-mono/pkg/ai/env.go:67.58,69.4 1 0
github.com/badlogic/pi-mono/pkg/ai/env.go:71.3,75.50 4 0
github.com/badlogic/pi-mono/pkg/ai/env.go:75.50,77.4 1 0
github.com/badlogic/pi-mono/pkg/ai/env.go:78.3,78.12 1 0
github.com/badlogic/pi-mono/pkg/ai/env.go:80.29,86.51 1 0
github.com/badlogic/pi-mono/pkg/ai/env.go:86.51,88.4 1 0
github.com/badlogic/pi-mono/pkg/ai/env.go:89.3,89.12 1 0
github.com/badlogic/pi-mono/pkg/ai/env.go:92.2,112.40 2 1
github.com/badlogic/pi-mono/pkg/ai/env.go:112.40,114.3 1 0
github.com/badlogic/pi-mono/pkg/ai/env.go:116.2,116.11 1 1
github.com/badlogic/pi-mono/pkg/ai/google.go:65.113,68.12 2 0
github.com/badlogic/pi-mono/pkg/ai/google.go:68.12,74.51 4 0
github.com/badlogic/pi-mono/pkg/ai/google.go:74.51,75.11 1 0
github.com/badlogic/pi-mono/pkg/ai/google.go:76.25,77.17 1 0
github.com/badlogic/pi-mono/pkg/ai/google.go:78.21,79.16 1 0
github.com/badlogic/pi-mono/pkg/ai/google.go:83.3,84.19 2 0
github.com/badlogic/pi-mono/pkg/ai/google.go:84.19,87.125 3 0
github.com/badlogic/pi-mono/pkg/ai/google.go:87.125,89.5 1 0
github.com/badlogic/pi-mono/pkg/ai/google.go:90.4,90.10 1 0
github.com/badlogic/pi-mono/pkg/ai/google.go:93.3,95.61 3 0
github.com/badlogic/pi-mono/pkg/ai/google.go:95.61,99.4 1 0
github.com/badlogic/pi-mono/pkg/ai/google.go:101.3,101.45 1 0
github.com/badlogic/pi-mono/pkg/ai/google.go:101.45,102.36 1 0
github.com/badlogic/pi-mono/pkg/ai/google.go:103.21,105.36 2 0
github.com/badlogic/pi-mono/pkg/ai/google.go:105.36,106.41 1 0
github.com/badlogic/pi-mono/pkg/ai/google.go:106.41,108.7 1 0
github.com/badlogic/pi-mono/pkg/ai/google.go:110.5,110.81 1 0
github.com/badlogic/pi-mono/pkg/ai/google.go:112.26,114.36 2 0
github.com/badlogic/pi-mono/pkg/ai/google.go:114.36,115.41 1 0
github.com/badlogic/pi-mono/pkg/ai/google.go:115.41,117.7 1 0
github.com/badlogic/pi-mono/pkg/ai/google.go:117.12,117.44 1 0
github.com/badlogic/pi-mono/pkg/ai/google.go:117.44,124.7 1 0
github.com/badlogic/pi-mono/pkg/ai/google.go:126.5,126.82 1 0
github.com/badlogic/pi-mono/pkg/ai/google.go:128.27,130.36 2 0
github.com/badlogic/pi-mono/pkg/ai/google.go:130.36,131.41 1 0
github.com/badlogic/pi-mono/pkg/ai/google.go:131.41,133.7 1 0
github.com/badlogic/pi-mono/pkg/ai/google.go:135.5,146.7 2 0
github.com/badlogic/pi-mono/pkg/ai/google.go:150.3,151.33 2 0
github.com/badlogic/pi-mono/pkg/ai/google.go:151.33,157.4 1 0
github.com/badlogic/pi-mono/pkg/ai/google.go:159.3,160.24 2 0
github.com/badlogic/pi-mono/pkg/ai/google.go:160.24,162.4 1 0
github.com/badlogic/pi-mono/pkg/ai/google.go:164.3,171.17 3 0
github.com/badlogic/pi-mono/pkg/ai/google.go:171.17,174.125 3 0
github.com/badlogic/pi-mono/pkg/ai/google.go:174.125,176.5 1 0
github.com/badlogic/pi-mono/pkg/ai/google.go:177.4,177.10 1 0
github.com/badlogic/pi-mono/pkg/ai/google.go:180.3,181.43 2 0
github.com/badlogic/pi-mono/pkg/ai/google.go:181.43,183.4 1 0
github.com/badlogic/pi-mono/pkg/ai/google.go:183.9,183.50 1 0
github.com/badlogic/pi-mono/pkg/ai/google.go:183.50,185.4 1 0
github.com/badlogic/pi-mono/pkg/ai/google.go:186.3,186.29 1 0
github.com/badlogic/pi-mono/pkg/ai/google.go:186.29,187.14 1 0
github.com/badlogic/pi-mono/pkg/ai/google.go:187.14,188.12 1 0
github.com/badlogic/pi-mono/pkg/ai/google.go:189.28,190.14 1 0
github.com/badlogic/pi-mono/pkg/ai/google.go:191.26,191.26 0 0
github.com/badlogic/pi-mono/pkg/ai/google.go:196.3,199.17 3 0
github.com/badlogic/pi-mono/pkg/ai/google.go:199.17,202.125 3 0
github.com/badlogic/pi-mono/pkg/ai/google.go:202.125,204.5 1 0
github.com/badlogic/pi-mono/pkg/ai/google.go:205.4,205.10 1 0
github.com/badlogic/pi-mono/pkg/ai/google.go:207.3,211.17 4 0
github.com/badlogic/pi-mono/pkg/ai/google.go:211.17,212.40 1 0
github.com/badlogic/pi-mono/pkg/ai/google.go:212.40,214.76 2 0
github.com/badlogic/pi-mono/pkg/ai/google.go:214.76,216.6 1 0
github.com/badlogic/pi-mono/pkg/ai/google.go:217.5,217.11 1 0
github.com/badlogic/pi-mono/pkg/ai/google.go:219.4,221.125 3 0
github.com/badlogic/pi-mono/pkg/ai/google.go:221.125,223.5 1 0
github.com/badlogic/pi-mono/pkg/ai/google.go:224.4,224.10 1 0
github.com/badlogic/pi-mono/pkg/ai/google.go:226.3,230.29 2 0
github.com/badlogic/pi-mono/pkg/ai/google.go:230.29,233.125 3 0
github.com/badlogic/pi-mono/pkg/ai/google.go:233.125,235.5 1 0
github.com/badlogic/pi-mono/pkg/ai/google.go:236.4,236.10 1 0
github.com/badlogic/pi-mono/pkg/ai/google.go:239.3,240.7 2 0
github.com/badlogic/pi-mono/pkg/ai/google.go:240.7,242.18 2 0
github.com/badlogic/pi-mono/pkg/ai/google.go:242.18,243.10 1 0
github.com/badlogic/pi-mono/pkg/ai/google.go:245.4,246.42 2 0
github.com/badlogic/pi-mono/pkg/ai/google.go:246.42,247.13 1 0
github.com/badlogic/pi-mono/pkg/ai/google.go:249.4,252.63 3 0
github.com/badlogic/pi-mono/pkg/ai/google.go:252.63,253.34 1 0
github.com/badlogic/pi-mono/pkg/ai/google.go:253.34,254.52 1 0
github.com/badlogic/pi-mono/pkg/ai/google.go:254.52,257.67 2 0
github.com/badlogic/pi-mono/pkg/ai/google.go:257.67,265.11 2 0
github.com/badlogic/pi-mono/pkg/ai/google.go:265.11,267.9 1 0
github.com/badlogic/pi-mono/pkg/ai/google.go:268.8,268.62 1 0
github.com/badlogic/pi-mono/pkg/ai/google.go:268.62,273.12 2 0
github.com/badlogic/pi-mono/pkg/ai/google.go:273.12,275.10 1 0
github.com/badlogic/pi-mono/pkg/ai/google.go:276.9,276.70 1 0
github.com/badlogic/pi-mono/pkg/ai/google.go:276.70,278.10 1 0
github.com/badlogic/pi-mono/pkg/ai/google.go:282.7,282.22 1 0
github.com/badlogic/pi-mono/pkg/ai/google.go:282.22,286.11 1 0
github.com/badlogic/pi-mono/pkg/ai/google.go:286.11,288.9 1 0
github.com/badlogic/pi-mono/pkg/ai/google.go:292.6,292.115 1 0
github.com/badlogic/pi-mono/pkg/ai/google.go:292.115,294.59 2 0
github.com/badlogic/pi-mono/pkg/ai/google.go:294.59,296.8 1 0
github.com/badlogic/pi-mono/pkg/ai/google.go:297.7,297.78 1 0
github.com/badlogic/pi-mono/pkg/ai/google.go:297.78,299.8 1 0
github.com/badlogic/pi-mono/pkg/ai/google.go:300.7,300.13 1 0
github.com/badlogic/pi-mono/pkg/ai/google.go:306.3,307.74 2 0
github.com/badlogic/pi-mono/pkg/ai/google.go:307.74,309.4 1 0
github.com/badlogic/pi-mono/pkg/ai/google.go:312.2,312.15 1 0
github.com/badlogic/pi-mono/pkg/ai/harness.go:15.39,17.2 1 1
github.com/badlogic/pi-mono/pkg/ai/harness.go:20.114,22.75 1 1
github.com/badlogic/pi-mono/pkg/ai/harness.go:22.75,24.3 1 1
github.com/badlogic/pi-mono/pkg/ai/harness.go:27.2,27.18 1 1
github.com/badlogic/pi-mono/pkg/ai/harness.go:28.26,29.57 1 1
github.com/badlogic/pi-mono/pkg/ai/harness.go:30.21,31.52 1 1
github.com/badlogic/pi-mono/pkg/ai/harness.go:32.26,35.17 2 1
github.com/badlogic/pi-mono/pkg/ai/harness.go:35.17,37.4 1 0
github.com/badlogic/pi-mono/pkg/ai/harness.go:38.3,38.56 1 1
github.com/badlogic/pi-mono/pkg/ai/harness.go:39.21,40.52 1 1
github.com/badlogic/pi-mono/pkg/ai/harness.go:43.2,43.66 1 1
github.com/badlogic/pi-mono/pkg/ai/harness.go:47.110,49.55 2 1
github.com/badlogic/pi-mono/pkg/ai/harness.go:49.55,51.3 1 1
github.com/badlogic/pi-mono/pkg/ai/harness.go:53.2,53.43 1 1
github.com/badlogic/pi-mono/pkg/ai/models.go:7.61,14.2 6 0
github.com/badlogic/pi-mono/pkg/ai/models.go:20.42,23.107 2 0
github.com/badlogic/pi-mono/pkg/ai/models.go:23.107,25.3 1 0
github.com/badlogic/pi-mono/pkg/ai/models.go:27.2,27.74 1 0
github.com/badlogic/pi-mono/pkg/ai/models.go:27.74,29.3 1 0
github.com/badlogic/pi-mono/pkg/ai/models.go:31.2,31.14 1 0
github.com/badlogic/pi-mono/pkg/ai/models.go:35.54,36.26 1 0
github.com/badlogic/pi-mono/pkg/ai/models.go:36.26,38.3 1 0
github.com/badlogic/pi-mono/pkg/ai/models.go:39.2,39.49 1 0
github.com/badlogic/pi-mono/pkg/ai/models_registry.go:13.37,18.13 4 0
github.com/badlogic/pi-mono/pkg/ai/models_registry.go:18.13,21.3 2 0
github.com/badlogic/pi-mono/pkg/ai/models_registry.go:22.2,22.34 1 0
github.com/badlogic/pi-mono/pkg/ai/models_registry.go:27.69,32.21 4 0
github.com/badlogic/pi-mono/pkg/ai/models_registry.go:32.21,34.3 1 0
github.com/badlogic/pi-mono/pkg/ai/models_registry.go:36.2,37.18 2 0
github.com/badlogic/pi-mono/pkg/ai/models_registry.go:37.18,39.3 1 0
github.com/badlogic/pi-mono/pkg/ai/models_registry.go:41.2,41.21 1 0
github.com/badlogic/pi-mono/pkg/ai/models_registry.go:45.32,50.39 4 0
github.com/badlogic/pi-mono/pkg/ai/models_registry.go:50.39,52.3 1 0
github.com/badlogic/pi-mono/pkg/ai/models_registry.go:54.2,54.18 1 0
github.com/badlogic/pi-mono/pkg/ai/models_registry.go:58.47,63.13 4 0
github.com/badlogic/pi-mono/pkg/ai/models_registry.go:63.13,65.3 1 0
github.com/badlogic/pi-mono/pkg/ai/models_registry.go:67.2,68.39 2 0
github.com/badlogic/pi-mono/pkg/ai/models_registry.go:68.39,70.3 1 0
github.com/badlogic/pi-mono/pkg/ai/models_registry.go:72.2,72.15 1 0
github.com/badlogic/pi-mono/pkg/ai/models_registry.go:76.28,81.2 3 0
github.com/badlogic/pi-mono/pkg/ai/openai.go:17.45,18.25 1 1
github.com/badlogic/pi-mono/pkg/ai/openai.go:18.25,20.3 1 0
github.com/badlogic/pi-mono/pkg/ai/openai.go:21.2,21.24 1 1
github.com/badlogic/pi-mono/pkg/ai/openai.go:22.22,23.33 1 0
github.com/badlogic/pi-mono/pkg/ai/openai.go:24.26,25.40 1 0
github.com/badlogic/pi-mono/pkg/ai/openai.go:26.20,27.42 1 0
github.com/badlogic/pi-mono/pkg/ai/openai.go:28.24,29.38 1 0
github.com/badlogic/pi-mono/pkg/ai/openai.go:30.19,31.31 1 0
github.com/badlogic/pi-mono/pkg/ai/openai.go:32.23,33.37 1 0
github.com/badlogic/pi-mono/pkg/ai/openai.go:34.27,35.51 1 0
github.com/badlogic/pi-mono/pkg/ai/openai.go:36.23,37.39 1 0
github.com/badlogic/pi-mono/pkg/ai/openai.go:38.25,39.39 1 0
github.com/badlogic/pi-mono/pkg/ai/openai.go:40.10,41.37 1 1
github.com/badlogic/pi-mono/pkg/ai/openai.go:47.44,50.23 2 1
github.com/badlogic/pi-mono/pkg/ai/openai.go:50.23,52.3 1 0
github.com/badlogic/pi-mono/pkg/ai/openai.go:54.2,54.38 1 1
github.com/badlogic/pi-mono/pkg/ai/openai.go:54.38,55.52 1 0
github.com/badlogic/pi-mono/pkg/ai/openai.go:55.52,57.4 1 0
github.com/badlogic/pi-mono/pkg/ai/openai.go:60.2,60.51 1 1
github.com/badlogic/pi-mono/pkg/ai/openai.go:60.51,62.3 1 1
github.com/badlogic/pi-mono/pkg/ai/openai.go:63.2,63.11 1 0
github.com/badlogic/pi-mono/pkg/ai/openai.go:121.122,124.12 2 1
github.com/badlogic/pi-mono/pkg/ai/openai.go:124.12,130.51 4 1
github.com/badlogic/pi-mono/pkg/ai/openai.go:130.51,131.11 1 1
github.com/badlogic/pi-mono/pkg/ai/openai.go:132.25,133.17 1 1
github.com/badlogic/pi-mono/pkg/ai/openai.go:134.21,135.16 1 0
github.com/badlogic/pi-mono/pkg/ai/openai.go:139.3,140.19 2 1
github.com/badlogic/pi-mono/pkg/ai/openai.go:140.19,143.125 3 0
github.com/badlogic/pi-mono/pkg/ai/openai.go:143.125,145.5 1 0
github.com/badlogic/pi-mono/pkg/ai/openai.go:146.4,146.10 1 0
github.com/badlogic/pi-mono/pkg/ai/openai.go:149.3,152.61 2 1
github.com/badlogic/pi-mono/pkg/ai/openai.go:152.61,155.83 1 0
github.com/badlogic/pi-mono/pkg/ai/openai.go:155.83,157.5 1 0
github.com/badlogic/pi-mono/pkg/ai/openai.go:157.10,159.5 1 0
github.com/badlogic/pi-mono/pkg/ai/openai.go:163.3,163.45 1 1
github.com/badlogic/pi-mono/pkg/ai/openai.go:163.45,164.36 1 1
github.com/badlogic/pi-mono/pkg/ai/openai.go:165.21,167.36 2 1
github.com/badlogic/pi-mono/pkg/ai/openai.go:167.36,168.41 1 1
github.com/badlogic/pi-mono/pkg/ai/openai.go:168.41,170.7 1 1
github.com/badlogic/pi-mono/pkg/ai/openai.go:172.5,172.85 1 1
github.com/badlogic/pi-mono/pkg/ai/openai.go:174.26,177.36 3 0
github.com/badlogic/pi-mono/pkg/ai/openai.go:177.36,178.41 1 0
github.com/badlogic/pi-mono/pkg/ai/openai.go:178.41,180.7 1 0
github.com/badlogic/pi-mono/pkg/ai/openai.go:180.12,180.44 1 0
github.com/badlogic/pi-mono/pkg/ai/openai.go:180.44,190.7 2 0
github.com/badlogic/pi-mono/pkg/ai/openai.go:192.5,196.7 1 0
github.com/badlogic/pi-mono/pkg/ai/openai.go:198.27,200.36 2 0
github.com/badlogic/pi-mono/pkg/ai/openai.go:200.36,201.41 1 0
github.com/badlogic/pi-mono/pkg/ai/openai.go:201.41,203.7 1 0
github.com/badlogic/pi-mono/pkg/ai/openai.go:205.5,209.7 1 0
github.com/badlogic/pi-mono/pkg/ai/openai.go:213.3,214.33 2 1
github.com/badlogic/pi-mono/pkg/ai/openai.go:214.33,223.4 1 0
github.com/badlogic/pi-mono/pkg/ai/openai.go:225.3,233.82 2 1
github.com/badlogic/pi-mono/pkg/ai/openai.go:233.82,235.4 1 0
github.com/badlogic/pi-mono/pkg/ai/openai.go:237.3,238.17 2 1
github.com/badlogic/pi-mono/pkg/ai/openai.go:238.17,241.125 3 0
github.com/badlogic/pi-mono/pkg/ai/openai.go:241.125,243.5 1 0
github.com/badlogic/pi-mono/pkg/ai/openai.go:244.4,244.10 1 0
github.com/badlogic/pi-mono/pkg/ai/openai.go:248.3,249.43 2 1
github.com/badlogic/pi-mono/pkg/ai/openai.go:249.43,251.4 1 0
github.com/badlogic/pi-mono/pkg/ai/openai.go:251.9,251.56 1 1
github.com/badlogic/pi-mono/pkg/ai/openai.go:251.56,253.4 1 0
github.com/badlogic/pi-mono/pkg/ai/openai.go:254.3,254.29 1 1
github.com/badlogic/pi-mono/pkg/ai/openai.go:254.29,255.14 1 0
github.com/badlogic/pi-mono/pkg/ai/openai.go:255.14,256.12 1 0
github.com/badlogic/pi-mono/pkg/ai/openai.go:257.28,258.14 1 0
github.com/badlogic/pi-mono/pkg/ai/openai.go:259.26,259.26 0 0
github.com/badlogic/pi-mono/pkg/ai/openai.go:264.3,266.17 3 1
github.com/badlogic/pi-mono/pkg/ai/openai.go:266.17,269.125 3 0
github.com/badlogic/pi-mono/pkg/ai/openai.go:269.125,271.5 1 0
github.com/badlogic/pi-mono/pkg/ai/openai.go:272.4,272.10 1 0
github.com/badlogic/pi-mono/pkg/ai/openai.go:274.3,279.17 5 1
github.com/badlogic/pi-mono/pkg/ai/openai.go:279.17,281.40 1 1
github.com/badlogic/pi-mono/pkg/ai/openai.go:281.40,283.76 2 1
github.com/badlogic/pi-mono/pkg/ai/openai.go:283.76,285.6 1 1
github.com/badlogic/pi-mono/pkg/ai/openai.go:286.5,286.11 1 0
github.com/badlogic/pi-mono/pkg/ai/openai.go:288.4,290.125 3 0
github.com/badlogic/pi-mono/pkg/ai/openai.go:290.125,292.5 1 0
github.com/badlogic/pi-mono/pkg/ai/openai.go:293.4,293.10 1 0
github.com/badlogic/pi-mono/pkg/ai/openai.go:295.3,299.29 2 0
github.com/badlogic/pi-mono/pkg/ai/openai.go:299.29,302.125 3 0
github.com/badlogic/pi-mono/pkg/ai/openai.go:302.125,304.5 1 0
github.com/badlogic/pi-mono/pkg/ai/openai.go:305.4,305.10 1 0
github.com/badlogic/pi-mono/pkg/ai/openai.go:308.3,309.7 2 0
github.com/badlogic/pi-mono/pkg/ai/openai.go:309.7,311.18 2 0
github.com/badlogic/pi-mono/pkg/ai/openai.go:311.18,312.10 1 0
github.com/badlogic/pi-mono/pkg/ai/openai.go:314.4,315.42 2 0
github.com/badlogic/pi-mono/pkg/ai/openai.go:315.42,316.13 1 0
github.com/badlogic/pi-mono/pkg/ai/openai.go:318.4,319.24 2 0
github.com/badlogic/pi-mono/pkg/ai/openai.go:319.24,320.10 1 0
github.com/badlogic/pi-mono/pkg/ai/openai.go:323.4,324.63 2 0
github.com/badlogic/pi-mono/pkg/ai/openai.go:324.63,325.31 1 0
github.com/badlogic/pi-mono/pkg/ai/openai.go:325.31,329.20 3 0
github.com/badlogic/pi-mono/pkg/ai/openai.go:329.20,332.10 1 0
github.com/badlogic/pi-mono/pkg/ai/openai.go:332.10,334.8 1 0
github.com/badlogic/pi-mono/pkg/ai/openai.go:337.6,337.21 1 0
github.com/badlogic/pi-mono/pkg/ai/openai.go:337.21,341.10 1 0
github.com/badlogic/pi-mono/pkg/ai/openai.go:341.10,343.8 1 0
github.com/badlogic/pi-mono/pkg/ai/openai.go:346.6,346.51 1 0
github.com/badlogic/pi-mono/pkg/ai/openai.go:346.51,350.48 2 0
github.com/badlogic/pi-mono/pkg/ai/openai.go:350.48,359.11 3 0
github.com/badlogic/pi-mono/pkg/ai/openai.go:359.11,361.9 1 0
github.com/badlogic/pi-mono/pkg/ai/openai.go:365.7,365.38 1 0
github.com/badlogic/pi-mono/pkg/ai/openai.go:365.38,370.11 2 0
github.com/badlogic/pi-mono/pkg/ai/openai.go:370.11,372.9 1 0
github.com/badlogic/pi-mono/pkg/ai/openai.go:376.6,376.46 1 0
github.com/badlogic/pi-mono/pkg/ai/openai.go:376.46,378.57 2 0
github.com/badlogic/pi-mono/pkg/ai/openai.go:378.57,380.69 2 0
github.com/badlogic/pi-mono/pkg/ai/openai.go:380.69,382.9 1 0
github.com/badlogic/pi-mono/pkg/ai/openai.go:383.13,383.60 1 0
github.com/badlogic/pi-mono/pkg/ai/openai.go:383.60,385.8 1 0
github.com/badlogic/pi-mono/pkg/ai/openai.go:386.7,386.78 1 0
github.com/badlogic/pi-mono/pkg/ai/openai.go:386.78,388.8 1 0
github.com/badlogic/pi-mono/pkg/ai/openai.go:389.7,389.13 1 0
github.com/badlogic/pi-mono/pkg/ai/openai.go:395.3,396.74 2 0
github.com/badlogic/pi-mono/pkg/ai/openai.go:396.74,398.4 1 0
github.com/badlogic/pi-mono/pkg/ai/openai.go:401.2,401.15 1 1
github.com/badlogic/pi-mono/pkg/ai/provider.go:48.143,50.12 2 0
github.com/badlogic/pi-mono/pkg/ai/provider.go:50.12,57.3 3 0
github.com/badlogic/pi-mono/pkg/ai/provider.go:58.2,58.11 1 0
github.com/badlogic/pi-mono/pkg/ai/registry.go:27.64,28.110 1 1
github.com/badlogic/pi-mono/pkg/ai/registry.go:28.110,29.23 1 0
github.com/badlogic/pi-mono/pkg/ai/registry.go:29.23,48.4 6 0
github.com/badlogic/pi-mono/pkg/ai/registry.go:49.3,49.46 1 0
github.com/badlogic/pi-mono/pkg/ai/registry.go:55.65,67.2 3 1
github.com/badlogic/pi-mono/pkg/ai/registry.go:70.51,75.13 4 0
github.com/badlogic/pi-mono/pkg/ai/registry.go:75.13,77.3 1 0
github.com/badlogic/pi-mono/pkg/ai/registry.go:78.2,78.30 1 0
github.com/badlogic/pi-mono/pkg/ai/registry.go:82.38,87.44 4 0
github.com/badlogic/pi-mono/pkg/ai/registry.go:87.44,89.3 1 0
github.com/badlogic/pi-mono/pkg/ai/registry.go:90.2,90.18 1 0
github.com/badlogic/pi-mono/pkg/ai/registry.go:94.46,98.46 3 0
github.com/badlogic/pi-mono/pkg/ai/registry.go:98.46,99.33 1 0
github.com/badlogic/pi-mono/pkg/ai/registry.go:99.33,101.4 1 0
github.com/badlogic/pi-mono/pkg/ai/registry.go:106.26,110.2 3 0
github.com/badlogic/pi-mono/pkg/ai/registry.go:113.36,146.2 5 1
github.com/badlogic/pi-mono/pkg/ai/registry.go:149.26,152.2 2 0
github.com/badlogic/pi-mono/pkg/ai/registry.go:154.13,157.2 1 1
github.com/badlogic/pi-mono/pkg/ai/registry_ext.go:18.30,23.2 1 1
github.com/badlogic/pi-mono/pkg/ai/registry_ext.go:26.51,30.21 3 0
github.com/badlogic/pi-mono/pkg/ai/registry_ext.go:30.21,32.3 1 0
github.com/badlogic/pi-mono/pkg/ai/registry_ext.go:34.2,35.13 2 0
github.com/badlogic/pi-mono/pkg/ai/registry_ext.go:35.13,38.3 2 0
github.com/badlogic/pi-mono/pkg/ai/registry_ext.go:39.2,39.34 1 0
github.com/badlogic/pi-mono/pkg/ai/registry_ext.go:43.114,45.13 2 0
github.com/badlogic/pi-mono/pkg/ai/registry_ext.go:45.13,47.3 1 0
github.com/badlogic/pi-mono/pkg/ai/registry_ext.go:48.2,48.54 1 0
github.com/badlogic/pi-mono/pkg/ai/registry_ext.go:52.49,56.28 3 1
github.com/badlogic/pi-mono/pkg/ai/registry_ext.go:56.28,57.43 1 0
github.com/badlogic/pi-mono/pkg/ai/registry_ext.go:57.43,58.65 1 0
github.com/badlogic/pi-mono/pkg/ai/registry_ext.go:58.65,60.5 1 0
github.com/badlogic/pi-mono/pkg/ai/registry_ext.go:65.2,66.38 2 1
github.com/badlogic/pi-mono/pkg/ai/registry_ext.go:66.38,67.44 1 1
github.com/badlogic/pi-mono/pkg/ai/registry_ext.go:67.44,68.29 1 0
github.com/badlogic/pi-mono/pkg/ai/registry_ext.go:68.29,71.5 2 0
github.com/badlogic/pi-mono/pkg/ai/registry_ext.go:76.2,76.42 1 1
github.com/badlogic/pi-mono/pkg/ai/registry_ext.go:76.42,77.40 1 0
github.com/badlogic/pi-mono/pkg/ai/registry_ext.go:77.40,80.4 2 0
github.com/badlogic/pi-mono/pkg/ai/registry_ext.go:82.2,82.12 1 1
github.com/badlogic/pi-mono/pkg/ai/security.go:11.48,13.16 2 1
github.com/badlogic/pi-mono/pkg/ai/security.go:13.16,15.3 1 0
github.com/badlogic/pi-mono/pkg/ai/security.go:18.2,19.26 2 1
github.com/badlogic/pi-mono/pkg/ai/security.go:19.26,21.3 1 1
github.com/badlogic/pi-mono/pkg/ai/security.go:21.8,23.3 1 1
github.com/badlogic/pi-mono/pkg/ai/security.go:25.2,26.16 2 1
github.com/badlogic/pi-mono/pkg/ai/security.go:26.16,28.3 1 0
github.com/badlogic/pi-mono/pkg/ai/security.go:31.2,33.53 3 1
github.com/badlogic/pi-mono/pkg/ai/security.go:33.53,35.3 1 1
github.com/badlogic/pi-mono/pkg/ai/security.go:37.2,38.48 2 1
github.com/badlogic/pi-mono/pkg/ai/security.go:38.48,40.3 1 1
github.com/badlogic/pi-mono/pkg/ai/security.go:42.2,42.21 1 1
github.com/badlogic/pi-mono/pkg/ai/tabby.go:85.126,86.16 1 1
github.com/badlogic/pi-mono/pkg/ai/tabby.go:86.16,88.3 1 0
github.com/badlogic/pi-mono/pkg/ai/tabby.go:90.2,91.65 2 1
github.com/badlogic/pi-mono/pkg/ai/tabby.go:91.65,93.3 1 0
github.com/badlogic/pi-mono/pkg/ai/tabby.go:93.8,93.105 1 1
github.com/badlogic/pi-mono/pkg/ai/tabby.go:93.105,97.3 2 0
github.com/badlogic/pi-mono/pkg/ai/tabby.go:97.8,97.32 1 1
github.com/badlogic/pi-mono/pkg/ai/tabby.go:97.32,102.3 1 1
github.com/badlogic/pi-mono/pkg/ai/tabby.go:104.2,104.18 1 1
github.com/badlogic/pi-mono/pkg/ai/tabby.go:104.18,106.3 1 1
github.com/badlogic/pi-mono/pkg/ai/tabby.go:110.2,111.18 2 1
github.com/badlogic/pi-mono/pkg/ai/tabby.go:111.18,113.3 1 1
github.com/badlogic/pi-mono/pkg/ai/tabby.go:115.2,118.28 3 0
github.com/badlogic/pi-mono/pkg/ai/tabby.go:118.28,121.3 2 0
github.com/badlogic/pi-mono/pkg/ai/tabby.go:123.2,134.16 2 0
github.com/badlogic/pi-mono/pkg/ai/tabby.go:134.16,136.3 1 0
github.com/badlogic/pi-mono/pkg/ai/tabby.go:139.2,140.26 2 0
github.com/badlogic/pi-mono/pkg/ai/tabby.go:140.26,141.57 1 0
github.com/badlogic/pi-mono/pkg/ai/tabby.go:141.57,143.4 1 0
github.com/badlogic/pi-mono/pkg/ai/tabby.go:146.2,147.16 2 0
github.com/badlogic/pi-mono/pkg/ai/tabby.go:147.16,149.3 1 0
github.com/badlogic/pi-mono/pkg/ai/tabby.go:151.2,157.8 1 0
github.com/badlogic/pi-mono/pkg/ai/tabby.go:161.120,162.39 1 0
github.com/badlogic/pi-mono/pkg/ai/tabby.go:162.39,164.3 1 0
github.com/badlogic/pi-mono/pkg/ai/tabby.go:167.2,174.16 3 0
github.com/badlogic/pi-mono/pkg/ai/tabby.go:174.16,176.3 1 0
github.com/badlogic/pi-mono/pkg/ai/tabby.go:178.2,178.28 1 0
github.com/badlogic/pi-mono/pkg/ai/tabby.go:178.28,180.3 1 0
github.com/badlogic/pi-mono/pkg/ai/tabby.go:182.2,184.8 1 0
github.com/badlogic/pi-mono/pkg/ai/tools.go:25.94,29.45 3 0
github.com/badlogic/pi-mono/pkg/ai/tools.go:29.45,31.3 1 0
github.com/badlogic/pi-mono/pkg/ai/tools.go:33.2,33.29 1 0
github.com/badlogic/pi-mono/pkg/ai/tools.go:33.29,43.3 1 0
github.com/badlogic/pi-mono/pkg/ai/tools.go:45.2,45.20 1 0
github.com/badlogic/pi-mono/pkg/ai/transform.go:18.13,23.31 3 0
github.com/badlogic/pi-mono/pkg/ai/transform.go:23.31,24.26 1 0
github.com/badlogic/pi-mono/pkg/ai/transform.go:25.20,26.40 1 0
github.com/badlogic/pi-mono/pkg/ai/transform.go:27.26,29.46 2 0
github.com/badlogic/pi-mono/pkg/ai/transform.go:29.46,31.5 1 0
github.com/badlogic/pi-mono/pkg/ai/transform.go:32.4,32.40 1 0
github.com/badlogic/pi-mono/pkg/ai/transform.go:33.25,39.36 3 0
github.com/badlogic/pi-mono/pkg/ai/transform.go:39.36,40.30 1 0
github.com/badlogic/pi-mono/pkg/ai/transform.go:41.26,43.42 1 0
github.com/badlogic/pi-mono/pkg/ai/transform.go:43.42,44.22 1 0
github.com/badlogic/pi-mono/pkg/ai/transform.go:44.22,46.8 1 0
github.com/badlogic/pi-mono/pkg/ai/transform.go:47.7,47.15 1 0
github.com/badlogic/pi-mono/pkg/ai/transform.go:50.6,50.51 1 0
github.com/badlogic/pi-mono/pkg/ai/transform.go:50.51,52.15 2 0
github.com/badlogic/pi-mono/pkg/ai/transform.go:55.6,55.45 1 0
github.com/badlogic/pi-mono/pkg/ai/transform.go:55.45,56.15 1 0
github.com/badlogic/pi-mono/pkg/ai/transform.go:58.6,58.21 1 0
github.com/badlogic/pi-mono/pkg/ai/transform.go:58.21,60.7 1 0
github.com/badlogic/pi-mono/pkg/ai/transform.go:60.12,62.7 1 0
github.com/badlogic/pi-mono/pkg/ai/transform.go:63.22,64.21 1 0
github.com/badlogic/pi-mono/pkg/ai/transform.go:64.21,66.7 1 0
github.com/badlogic/pi-mono/pkg/ai/transform.go:66.12,69.7 1 0
github.com/badlogic/pi-mono/pkg/ai/transform.go:70.19,72.51 2 0
github.com/badlogic/pi-mono/pkg/ai/transform.go:72.51,74.7 1 0
github.com/badlogic/pi-mono/pkg/ai/transform.go:75.6,75.52 1 0
github.com/badlogic/pi-mono/pkg/ai/transform.go:75.52,77.31 2 0
github.com/badlogic/pi-mono/pkg/ai/transform.go:77.31,80.8 2 0
github.com/badlogic/pi-mono/pkg/ai/transform.go:82.6,82.73 1 0
github.com/badlogic/pi-mono/pkg/ai/transform.go:83.13,84.56 1 0
github.com/badlogic/pi-mono/pkg/ai/transform.go:87.4,88.40 2 0
github.com/badlogic/pi-mono/pkg/ai/transform.go:93.2,97.34 4 0
github.com/badlogic/pi-mono/pkg/ai/transform.go:97.34,98.26 1 0
github.com/badlogic/pi-mono/pkg/ai/transform.go:99.25,101.33 1 0
github.com/badlogic/pi-mono/pkg/ai/transform.go:101.33,102.41 1 0
github.com/badlogic/pi-mono/pkg/ai/transform.go:102.41,103.60 1 0
github.com/badlogic/pi-mono/pkg/ai/transform.go:103.60,111.7 1 0
github.com/badlogic/pi-mono/pkg/ai/transform.go:113.5,114.54 2 0
github.com/badlogic/pi-mono/pkg/ai/transform.go:118.4,118.76 1 0
github.com/badlogic/pi-mono/pkg/ai/transform.go:118.76,119.13 1 0
github.com/badlogic/pi-mono/pkg/ai/transform.go:123.4,124.32 2 0
github.com/badlogic/pi-mono/pkg/ai/transform.go:124.32,125.35 1 0
github.com/badlogic/pi-mono/pkg/ai/transform.go:125.35,127.6 1 0
github.com/badlogic/pi-mono/pkg/ai/transform.go:129.4,129.33 1 0
github.com/badlogic/pi-mono/pkg/ai/transform.go:129.33,132.5 2 0
github.com/badlogic/pi-mono/pkg/ai/transform.go:133.4,133.30 1 0
github.com/badlogic/pi-mono/pkg/ai/transform.go:135.26,137.30 2 0
github.com/badlogic/pi-mono/pkg/ai/transform.go:139.20,141.33 1 0
github.com/badlogic/pi-mono/pkg/ai/transform.go:141.33,142.41 1 0
github.com/badlogic/pi-mono/pkg/ai/transform.go:142.41,143.60 1 0
github.com/badlogic/pi-mono/pkg/ai/transform.go:143.60,151.7 1 0
github.com/badlogic/pi-mono/pkg/ai/transform.go:153.5,154.54 2 0
github.com/badlogic/pi-mono/pkg/ai/transform.go:156.4,156.30 1 0
github.com/badlogic/pi-mono/pkg/ai/transform.go:161.2,161.31 1 0
github.com/badlogic/pi-mono/pkg/ai/transform.go:161.31,162.39 1 0
github.com/badlogic/pi-mono/pkg/ai/transform.go:162.39,163.58 1 0
github.com/badlogic/pi-mono/pkg/ai/transform.go:163.58,171.5 1 0
github.com/badlogic/pi-mono/pkg/ai/transform.go:175.2,175.15 1 0
github.com/badlogic/pi-mono/pkg/ai/types.go:109.44,109.70 1 0
github.com/badlogic/pi-mono/pkg/ai/types.go:117.48,117.78 1 0
github.com/badlogic/pi-mono/pkg/ai/types.go:124.45,124.72 1 0
github.com/badlogic/pi-mono/pkg/ai/types.go:133.41,133.71 1 0
github.com/badlogic/pi-mono/pkg/ai/types.go:180.45,180.64 1 0
github.com/badlogic/pi-mono/pkg/ai/types.go:181.46,181.68 1 0
github.com/badlogic/pi-mono/pkg/ai/types.go:195.50,195.74 1 0
github.com/badlogic/pi-mono/pkg/ai/types.go:196.51,196.73 1 0
github.com/badlogic/pi-mono/pkg/ai/types.go:207.51,207.70 1 0
github.com/badlogic/pi-mono/pkg/ai/types.go:208.52,208.74 1 0
github.com/badlogic/pi-mono/pkg/ai/utils.go:18.74,20.74 1 1
github.com/badlogic/pi-mono/pkg/ai/utils.go:20.74,23.61 2 1
github.com/badlogic/pi-mono/pkg/ai/utils.go:23.61,25.4 1 1
github.com/badlogic/pi-mono/pkg/ai/utils.go:28.2,28.63 1 1
github.com/badlogic/pi-mono/pkg/ai/utils.go:28.63,30.34 2 1
github.com/badlogic/pi-mono/pkg/ai/utils.go:30.34,32.4 1 1
github.com/badlogic/pi-mono/pkg/ai/utils.go:34.2,34.14 1 1
github.com/badlogic/pi-mono/pkg/ai/utils.go:68.42,69.37 1 1
github.com/badlogic/pi-mono/pkg/ai/utils.go:69.37,70.28 1 1
github.com/badlogic/pi-mono/pkg/ai/utils.go:70.28,72.4 1 1
github.com/badlogic/pi-mono/pkg/ai/utils.go:74.2,74.14 1 1
github.com/badlogic/pi-mono/pkg/ai/utils.go:77.45,78.40 1 1
github.com/badlogic/pi-mono/pkg/ai/utils.go:78.40,79.28 1 1
github.com/badlogic/pi-mono/pkg/ai/utils.go:79.28,81.4 1 1
github.com/badlogic/pi-mono/pkg/ai/utils.go:83.2,83.14 1 1
github.com/badlogic/pi-mono/pkg/ai/utils.go:89.73,90.74 1 1
github.com/badlogic/pi-mono/pkg/ai/utils.go:90.74,92.3 1 0
github.com/badlogic/pi-mono/pkg/ai/utils.go:94.2,94.47 1 1
github.com/badlogic/pi-mono/pkg/ai/utils.go:94.47,96.3 1 1
github.com/badlogic/pi-mono/pkg/ai/utils.go:97.2,127.44 4 1
github.com/badlogic/pi-mono/pkg/ai/utils.go:127.44,128.42 1 1
github.com/badlogic/pi-mono/pkg/ai/utils.go:128.42,130.4 1 1
github.com/badlogic/pi-mono/pkg/ai/utils.go:132.2,132.14 1 1
github.com/badlogic/pi-mono/pkg/ai/utils.go:136.46,138.2 1 1
github.com/badlogic/pi-mono/pkg/ai/utils.go:142.63,145.42 3 1
github.com/badlogic/pi-mono/pkg/ai/utils.go:145.42,146.51 1 1
github.com/badlogic/pi-mono/pkg/ai/utils.go:146.51,147.78 1 1
github.com/badlogic/pi-mono/pkg/ai/utils.go:147.78,151.10 4 1
github.com/badlogic/pi-mono/pkg/ai/utils.go:155.2,155.27 1 1
github.com/badlogic/pi-mono/pkg/ai/utils.go:155.27,157.3 1 0
github.com/badlogic/pi-mono/pkg/ai/utils.go:158.2,161.3 1 1
github.com/badlogic/pi-mono/pkg/ai/utils.go:176.43,178.16 2 1
github.com/badlogic/pi-mono/pkg/ai/utils.go:178.16,180.3 1 0
github.com/badlogic/pi-mono/pkg/ai/utils.go:181.2,181.21 1 1
github.com/badlogic/pi-mono/pkg/ai/utils.go:215.51,217.91 2 1
github.com/badlogic/pi-mono/pkg/ai/utils.go:217.91,220.31 2 1
github.com/badlogic/pi-mono/pkg/ai/utils.go:220.31,222.4 1 1
github.com/badlogic/pi-mono/pkg/ai/utils.go:223.3,223.31 1 1
github.com/badlogic/pi-mono/pkg/ai/utils.go:223.31,225.4 1 1
github.com/badlogic/pi-mono/pkg/ai/utils.go:226.3,227.35 2 1
github.com/badlogic/pi-mono/pkg/ai/utils.go:229.2,229.17 1 1
github.com/badlogic/pi-mono/pkg/ai/utils.go:233.54,235.91 2 1
github.com/badlogic/pi-mono/pkg/ai/utils.go:235.91,236.31 1 1
github.com/badlogic/pi-mono/pkg/ai/utils.go:236.31,238.4 1 1
github.com/badlogic/pi-mono/pkg/ai/utils.go:239.3,239.31 1 1
github.com/badlogic/pi-mono/pkg/ai/utils.go:241.2,241.17 1 1
github.com/badlogic/pi-mono/pkg/ai/utils.go:245.51,247.91 2 1
github.com/badlogic/pi-mono/pkg/ai/utils.go:247.91,248.33 1 1
github.com/badlogic/pi-mono/pkg/ai/utils.go:248.33,250.4 1 1
github.com/badlogic/pi-mono/pkg/ai/utils.go:251.3,251.31 1 1
github.com/badlogic/pi-mono/pkg/ai/utils.go:253.2,253.17 1 1
github.com/badlogic/pi-mono/pkg/ai/utils.go:258.59,260.15 2 1
github.com/badlogic/pi-mono/pkg/ai/utils.go:260.15,262.3 1 1
github.com/badlogic/pi-mono/pkg/ai/utils.go:264.2,265.68 2 1
github.com/badlogic/pi-mono/pkg/ai/utils.go:265.68,267.3 1 1
github.com/badlogic/pi-mono/pkg/ai/utils.go:269.2,269.47 1 1
github.com/badlogic/pi-mono/pkg/ai/utils.go:269.47,271.12 2 0
github.com/badlogic/pi-mono/pkg/ai/utils.go:271.12,273.4 1 0
github.com/badlogic/pi-mono/pkg/ai/utils.go:275.2,275.10 1 1
github.com/badlogic/pi-mono/pkg/ai/utils.go:281.75,285.22 3 1
github.com/badlogic/pi-mono/pkg/ai/utils.go:286.16,287.45 1 1
github.com/badlogic/pi-mono/pkg/ai/utils.go:288.19,289.48 1 0
github.com/badlogic/pi-mono/pkg/ai/utils.go:290.16,291.45 1 0
github.com/badlogic/pi-mono/pkg/ai/utils.go:292.10,293.23 1 0
github.com/badlogic/pi-mono/pkg/ai/utils.go:297.2,297.26 1 1
github.com/badlogic/pi-mono/pkg/ai/utils.go:297.26,299.3 1 0
github.com/badlogic/pi-mono/pkg/ai/utils.go:301.2,304.59 2 1
github.com/badlogic/pi-mono/pkg/ai/utils.go:304.59,306.3 1 1
github.com/badlogic/pi-mono/pkg/ai/utils.go:308.2,308.15 1 1
github.com/badlogic/pi-mono/pkg/ai/warp.go:23.112,24.21 1 1
github.com/badlogic/pi-mono/pkg/ai/warp.go:25.30,27.20 2 1
github.com/badlogic/pi-mono/pkg/ai/warp.go:27.20,29.4 1 0
github.com/badlogic/pi-mono/pkg/ai/warp.go:31.3,32.17 2 1
github.com/badlogic/pi-mono/pkg/ai/warp.go:32.17,34.4 1 0
github.com/badlogic/pi-mono/pkg/ai/warp.go:35.3,35.66 1 1
github.com/badlogic/pi-mono/pkg/ai/warp.go:37.19,42.17 3 0
github.com/badlogic/pi-mono/pkg/ai/warp.go:42.17,44.4 1 0
github.com/badlogic/pi-mono/pkg/ai/warp.go:45.3,45.66 1 0
github.com/badlogic/pi-mono/pkg/ai/warp.go:47.14,51.66 4 0
github.com/badlogic/pi-mono/pkg/ai/warp.go:53.18,57.66 4 0
github.com/badlogic/pi-mono/pkg/ai/warp.go:59.21,64.125 4 0
github.com/badlogic/pi-mono/pkg/ai/warp.go:66.21,69.66 2 0
github.com/badlogic/pi-mono/pkg/ai/warp.go:71.10,72.74 1 0
github.com/badlogic/pi-mono/pkg/ai/wave.go:23.112,24.21 1 1
github.com/badlogic/pi-mono/pkg/ai/wave.go:25.18,28.17 3 1
github.com/badlogic/pi-mono/pkg/ai/wave.go:28.17,30.4 1 1
github.com/badlogic/pi-mono/pkg/ai/wave.go:31.3,31.66 1 1
github.com/badlogic/pi-mono/pkg/ai/wave.go:33.19,37.17 4 0
github.com/badlogic/pi-mono/pkg/ai/wave.go:37.17,39.4 1 0
github.com/badlogic/pi-mono/pkg/ai/wave.go:40.3,40.66 1 0
github.com/badlogic/pi-mono/pkg/ai/wave.go:42.14,45.17 3 0
github.com/badlogic/pi-mono/pkg/ai/wave.go:45.17,47.4 1 0
github.com/badlogic/pi-mono/pkg/ai/wave.go:48.3,48.66 1 0
github.com/badlogic/pi-mono/pkg/ai/wave.go:50.13,53.66 3 0
github.com/badlogic/pi-mono/pkg/ai/wave.go:55.20,58.66 2 0
github.com/badlogic/pi-mono/pkg/ai/wave.go:60.10,61.74 1 0
github.com/badlogic/pi-mono/pkg/ai/wave.go:66.77,69.53 3 1
github.com/badlogic/pi-mono/pkg/ai/wave.go:69.53,71.3 1 0
github.com/badlogic/pi-mono/pkg/ai/wave.go:73.2,74.16 2 1
github.com/badlogic/pi-mono/pkg/ai/wave.go:74.16,76.3 1 0
github.com/badlogic/pi-mono/pkg/ai/wave.go:78.2,79.24 2 1
